<?xml version="1.0" encoding="UTF-8"?>
<testsuite xmlns:xsi="http://www.w3.org/2001/XMLSchema-instance" xsi:noNamespaceSchemaLocation="https://maven.apache.org/surefire/maven-surefire-plugin/xsd/surefire-test-report.xsd" version="3.0.2" name="TestSuite" time="36.765" tests="15" errors="0" skipped="5" failures="0">
  <properties>
[...]
</properties>
  <testcase name="testPostUser" classname="api.test.UserTests" time="4.137">
    <system-out><![CDATA[2025-06-23 12:28:42 INFO  UserTests:43 - ***Creating user***
2025-06-23 12:28:46 INFO  UserTests:48 - ** user is created for : bradly.quitzonWhere first name is :Twanna***
]]></system-out>
  </testcase>
  <testcase name="testGetUserByName" classname="api.test.UserTests" time="0.0">
    <skipped message="expected [200] but found [404]"/>
    <system-out><![CDATA[2025-06-23 12:28:46 INFO  UserTests:53 - ***Trying to fetch the user details by Username***
{
    "code": 1,
    "type": "error",
    "message": "User not found"
}
]]></system-out>
  </testcase>
  <testcase name="testGetUserByName" classname="api.test.UserTests" time="0.0">
    <skipped message="expected [200] but found [404]"/>
    <system-out><![CDATA[2025-06-23 12:28:47 INFO  UserTests:53 - ***Trying to fetch the user details by Username***
{
    "code": 1,
    "type": "error",
    "message": "User not found"
}
]]></system-out>
  </testcase>
  <testcase name="testGetUserByName" classname="api.test.UserTests" time="1.965">
    <system-out><![CDATA[2025-06-23 12:28:48 INFO  UserTests:53 - ***Trying to fetch the user details by Username***
{
    "id": 1605988985,
    "username": "bradly.quitzon",
    "firstName": "Twanna",
    "lastName": "Dare",
    "email": "armanda.champlin@example.com",
    "password": "jmc2d",
    "phone": "(674) 991-7790",
    "userStatus": 0
}
2025-06-23 12:28:50 INFO  UserTests:64 - bradly.quitzon***user details fetched and verified***
]]></system-out>
  </testcase>
  <testcase name="testUpdateUserByName" classname="api.test.UserTests" time="0.0">
    <skipped message="First name mismatch! expected [Francesca] but found [Twanna]"/>
    <system-out><![CDATA[2025-06-23 12:28:50 INFO  UserTests:75 - Updating user with:
{"id":1605988985,"username":"bradly.quitzon","firstName":"Francesca","lastName":"Cremin","email":"lea.effertz@example.com","password":"jmc2d","phone":"(674) 991-7790","userStatus":0}
]]></system-out>
  </testcase>
  <testcase name="testUpdateUserByName" classname="api.test.UserTests" time="1.89">
    <system-out><![CDATA[2025-06-23 12:28:52 INFO  UserTests:75 - Updating user with:
{"id":1605988985,"username":"bradly.quitzon","firstName":"Stephan","lastName":"Brown","email":"marcellus.labadie@example.com","password":"jmc2d","phone":"(674) 991-7790","userStatus":0}
{
    "id": 1605988985,
    "username": "bradly.quitzon",
    "firstName": "Stephan",
    "lastName": "Brown",
    "email": "marcellus.labadie@example.com",
    "password": "jmc2d",
    "phone": "(674) 991-7790",
    "userStatus": 0
}
2025-06-23 12:28:54 INFO  UserTests:87 - User details updated and verified
]]></system-out>
  </testcase>
  <testcase name="testDeleteUserByName" classname="api.test.UserTests" time="2.416">
    <system-out><![CDATA[2025-06-23 12:28:57 INFO  UserTests:94 - bradly.quitzon User is deleted
]]></system-out>
  </testcase>
  <testcase name="testPostUser[2010, testuser1, John, Canedy, a@gmail.com, test@1, 8687809765](1)" classname="api.test.DDTests" time="0.927">
    <system-out><![CDATA[CREATE RESPONSE: {"code":200,"type":"unknown","message":"2010"}
]]></system-out>
  </testcase>
  <testcase name="testPostUser[2011, testuser2, Kim, Kom, b@gmail.com, test@2, 8687809565](2)" classname="api.test.DDTests" time="0.914">
    <system-out><![CDATA[CREATE RESPONSE: {"code":200,"type":"unknown","message":"2011"}
]]></system-out>
  </testcase>
  <testcase name="testPostUser[2012, testuser3, Smith, Steve, c@gmail.com, test@3, 8687309765](3)" classname="api.test.DDTests" time="0.918">
    <system-out><![CDATA[CREATE RESPONSE: {"code":200,"type":"unknown","message":"2012"}
]]></system-out>
  </testcase>
  <testcase name="testDeleteUserByName[testuser1](1)" classname="api.test.DDTests" time="2.487">
    <system-out><![CDATA[DELETE RESPONSE: {"code":200,"type":"unknown","message":"testuser1"}
]]></system-out>
  </testcase>
  <testcase name="testDeleteUserByName[testuser2](2)" classname="api.test.DDTests" time="0.0">
    <skipped message="expected [200] but found [404]"/>
    <system-out><![CDATA[DELETE RESPONSE: 
]]></system-out>
  </testcase>
  <testcase name="testDeleteUserByName[testuser2](3)" classname="api.test.DDTests" time="0.0">
    <skipped message="expected [200] but found [404]"/>
    <system-out><![CDATA[DELETE RESPONSE: 
]]></system-out>
  </testcase>
  <testcase name="testDeleteUserByName[testuser2](4)" classname="api.test.DDTests" time="2.476">
    <system-out><![CDATA[DELETE RESPONSE: {"code":200,"type":"unknown","message":"testuser2"}
]]></system-out>
  </testcase>
  <testcase name="testDeleteUserByName[testuser3](5)" classname="api.test.DDTests" time="2.42">
    <system-out><![CDATA[DELETE RESPONSE: {"code":200,"type":"unknown","message":"testuser3"}
]]></system-out>
  </testcase>
</testsuite>