<?xml version="1.0" encoding="UTF-8"?>
<testng-results ignored="0" total="4" passed="4" failed="0" skipped="0">
  <reporter-output>
  </reporter-output>
  <suite started-at="2025-08-23T18:28:36 IST" name="PetSuite" finished-at="2025-08-23T18:28:40 IST" duration-ms="4007">
    <groups>
    </groups>
    <test started-at="2025-08-23T18:28:36 IST" name="PetTest" finished-at="2025-08-23T18:28:40 IST" duration-ms="4007">
      <class name="api.test.Club">
        <test-method is-config="true" signature="setupData()[pri:0, instance:api.test.Club@55322aab]" started-at="2025-08-23T18:28:36 IST" name="setupData" finished-at="2025-08-23T18:28:36 IST" duration-ms="28" status="PASS">
          <reporter-output>
          </reporter-output>
        </test-method> <!-- setupData -->
        <test-method signature="testSendOTP()[pri:1, instance:api.test.Club@55322aab]" started-at="2025-08-23T18:28:36 IST" name="testSendOTP" finished-at="2025-08-23T18:28:39 IST" duration-ms="2609" status="PASS">
          <reporter-output>
          </reporter-output>
        </test-method> <!-- testSendOTP -->
        <test-method signature="verifyOTP()[pri:2, instance:api.test.Club@55322aab]" started-at="2025-08-23T18:28:39 IST" name="verifyOTP" finished-at="2025-08-23T18:28:39 IST" duration-ms="604" status="PASS">
          <reporter-output>
          </reporter-output>
        </test-method> <!-- verifyOTP -->
        <test-method signature="testClubCategories()[pri:3, instance:api.test.Club@55322aab]" started-at="2025-08-23T18:28:39 IST" name="testClubCategories" finished-at="2025-08-23T18:28:40 IST" duration-ms="386" status="PASS">
          <reporter-output>
          </reporter-output>
        </test-method> <!-- testClubCategories -->
        <test-method signature="testGetLiveClubs()[pri:4, instance:api.test.Club@55322aab]" started-at="2025-08-23T18:28:40 IST" name="testGetLiveClubs" finished-at="2025-08-23T18:28:40 IST" duration-ms="191" status="PASS">
          <reporter-output>
          </reporter-output>
        </test-method> <!-- testGetLiveClubs -->
      </class> <!-- api.test.Club -->
    </test> <!-- PetTest -->
  </suite> <!-- PetSuite -->
</testng-results>
