<?xml version="1.0" encoding="UTF-8"?>
<!-- Generated by org.testng.reporters.JUnitXMLReporter -->
<testsuite ignored="0" hostname="IMPETUS-BL0561" failures="0" tests="15" name="PetTest" time="31.542" errors="0" timestamp="2025-06-23T12:29:16 IST">
  <testcase classname="api.test.UserTests" name="testPostUser" time="4.141"/>
  <testcase classname="api.test.UserTests" name="testGetUserByName" time="1.057">
    <skipped/>
  </testcase> <!-- testGetUserByName -->
  <testcase classname="api.test.UserTests" name="testGetUserByName" time="0.936">
    <skipped/>
  </testcase> <!-- testGetUserByName -->
  <testcase classname="api.test.UserTests" name="testGetUserByName" time="1.963"/>
  <testcase classname="api.test.UserTests" name="testUpdateUserByName" time="1.948">
    <skipped/>
  </testcase> <!-- testUpdateUserByName -->
  <testcase classname="api.test.UserTests" name="testUpdateUserByName" time="1.889"/>
  <testcase classname="api.test.UserTests" name="testDeleteUserByName" time="2.416"/>
  <testcase classname="api.test.DDTests" name="testPostUser" time="0.928"/>
  <testcase classname="api.test.DDTests" name="testPostUser" time="0.915"/>
  <testcase classname="api.test.DDTests" name="testPostUser" time="0.916"/>
  <testcase classname="api.test.DDTests" name="testDeleteUserByName" time="2.484"/>
  <testcase classname="api.test.DDTests" name="testDeleteUserByName" time="2.425">
    <skipped/>
  </testcase> <!-- testDeleteUserByName -->
  <testcase classname="api.test.DDTests" name="testDeleteUserByName" time="2.431">
    <skipped/>
  </testcase> <!-- testDeleteUserByName -->
  <testcase classname="api.test.DDTests" name="testDeleteUserByName" time="2.474"/>
  <testcase classname="api.test.DDTests" name="testDeleteUserByName" time="2.421"/>
</testsuite> <!-- PetTest -->
