<?xml version="1.0" encoding="UTF-8"?>
<!-- Generated by org.testng.reporters.JUnitXMLReporter -->
<testsuite ignored="0" hostname="DESKTOP-A7SNONS" failures="0" tests="4" name="PetTest" time="4.007" errors="0" timestamp="2025-08-23T18:28:43 IST">
  <testcase classname="api.test.Club" name="testSendOTP" time="2.609"/>
  <testcase classname="api.test.Club" name="verifyOTP" time="0.604"/>
  <testcase classname="api.test.Club" name="testClubCategories" time="0.386"/>
  <testcase classname="api.test.Club" name="testGetLiveClubs" time="0.191"/>
</testsuite> <!-- PetTest -->
