<?xml version="1.0" encoding="UTF-8"?>
<!-- Generated by org.testng.reporters.JUnitXMLReporter -->
<testsuite ignored="0" hostname="DESKTOP-A7SNONS" failures="1" tests="4" name="PetTest" time="6.859" errors="0" timestamp="2025-08-24T20:27:14 IST">
  <testcase classname="api.test.Club" name="testSendOTP" time="5.194"/>
  <testcase classname="api.test.Club" name="verifyOTP" time="0.71"/>
  <testcase classname="api.test.Club" name="testClubCategories" time="0.304"/>
  <testcase classname="api.test.Club" name="testGetLiveClubs" time="0.227">
    <failure type="java.lang.AssertionError" message="expected [200] but found [204]">
      <![CDATA[java.lang.AssertionError: expected [200] but found [204]
at api.test.Club.testGetLiveClubs(Club.java:116)
at java.base/java.util.ArrayList.forEach(ArrayList.java:1596)
... Removed 31 stack frames]]>
    </failure>
  </testcase> <!-- testGetLiveClubs -->
</testsuite> <!-- PetTest -->
